*** - - - Welcome to our shell
*** - - - Good Luck
*** back from wait 0
*** echo implementation
*** back from wait 0
*** cat implementation
*** this is nice
*** we can read and write
*** back from wait 0
*** ls implementation
*** back from wait 0
*** cd implementation
*** back from wait 0
*** back from wait 0
*** echo implementation
*** back from wait 0
*** cat implementation
*** this is nice
*** we can read and write
*** back from wait 0
*** ls implementation
*** back from wait 0
*** cd implementation
*** back from wait 0
*** back from wait 0
*** grep implementation
*** back from wait 0
*** wc implementation
*** back from wait 0
*** ls implementation
*** back from wait 0
